<?xml version="1.0" encoding="UTF-8"?>
<!-- Generated by org.testng.reporters.JUnitReportReporter -->
<testsuite hostname="DESKTOP-DRH83U0" failures="0" tests="1" name="openAccount.OpenAccount" time="0.011" errors="0" timestamp="2023-01-23T15:42:10 IST" skipped="0">
  <testcase classname="openAccount.OpenAccount" name="OpenAccount1" time="0.011"/>
  <system-out/>
</testsuite> <!-- openAccount.OpenAccount -->
