<?xml version="1.0" encoding="UTF-8"?>
<!-- Generated by org.testng.reporters.JUnitReportReporter -->
<testsuite hostname="DESKTOP-DRH83U0" failures="0" tests="1" name="openAccount.Debitcard" time="0.013" errors="0" timestamp="2023-01-23T15:42:28 IST" skipped="0">
  <testcase classname="openAccount.Debitcard" name="debitcard" time="0.013"/>
  <system-out/>
</testsuite> <!-- openAccount.Debitcard -->
